#
# There is insufficient memory for the Java Runtime Environment to continue.
# Native memory allocation (malloc) failed to allocate 1048576 bytes for AllocateHeap
# Possible reasons:
#   The system is out of physical RAM or swap space
#   In 32 bit mode, the process size limit was hit
# Possible solutions:
#   Reduce memory load on the system
#   Increase physical memory or swap space
#   Check if swap backing store is full
#   Use 64 bit Java on a 64 bit OS
#   Decrease Java heap size (-Xmx/-Xms)
#   Decrease number of Java threads
#   Decrease Java thread stack sizes (-Xss)
#   Set larger code cache with -XX:ReservedCodeCacheSize=
# This output file may be truncated or incomplete.
#
#  Out of Memory Error (memory/allocation.inline.hpp:61), pid=9532, tid=0x0000000000002c48
#
# JRE version:  (8.0_101-b13) (build )
# Java VM: Java HotSpot(TM) 64-Bit Server VM (25.101-b13 mixed mode windows-amd64 compressed oops)
# Failed to write core dump. Minidumps are not enabled by default on client versions of Windows
#

---------------  T H R E A D  ---------------

Current thread (0x000000000016e800):  JavaThread "Unknown thread" [_thread_in_vm, id=11336, stack(0x0000000002cc0000,0x0000000002dc0000)]

Stack: [0x0000000002cc0000,0x0000000002dc0000]
[error occurred during error reporting (printing stack bounds), id 0xc0000005]

Native frames: (J=compiled Java code, j=interpreted, Vv=VM code, C=native code)


---------------  P R O C E S S  ---------------

Java Threads: ( => current thread )

Other Threads:

=>0x000000000016e800 (exited) JavaThread "Unknown thread" [_thread_in_vm, id=11336, stack(0x0000000002cc0000,0x0000000002dc0000)]

VM state:not at safepoint (normal execution)

VM Mutex/Monitor currently owned by a thread: None

Heap:
 PSYoungGen      total 37888K, used 655K [0x00000000d6800000, 0x00000000d9200000, 0x0000000100000000)
  eden space 32768K, 2% used [0x00000000d6800000,0x00000000d68a3d80,0x00000000d8800000)
  from space 5120K, 0% used [0x00000000d8d00000,0x00000000d8d00000,0x00000000d9200000)
  to   space 5120K, 0% used [0x00000000d8800000,0x00000000d8800000,0x00000000d8d00000)
 ParOldGen       total 86016K, used 0K [0x0000000083800000, 0x0000000088c00000, 0x00000000d6800000)
  object space 86016K, 0% used [0x0000000083800000,0x0000000083800000,0x0000000088c00000)
 Metaspace       used 769K, capacity 4480K, committed 4480K, reserved 1056768K
  class space    used 75K, capacity 384K, committed 384K, reserved 1048576K

Card table byte_map: [0x0000000003450000,0x0000000003840000] byte_map_base: 0x0000000003034000

Marking Bits: (ParMarkBitMap*) 0x0000000002b1a6d0
 Begin Bits: [0x0000000004570000, 0x0000000006490000)
 End Bits:   [0x0000000006490000, 0x00000000083b0000)

Polling page: 0x0000000000130000

CodeCache: size=245760Kb used=328Kb max_used=328Kb free=245431Kb
 bounds [0x000000000f010000, 0x000000000f280000, 0x000000001e010000]
 total_blobs=58 nmethods=0 adapters=38
 compilation: enabled

Compilation events (0 events):
No events

GC Heap History (0 events):
No events

Deoptimization events (0 events):
No events

Internal exceptions (0 events):
No events

Events (10 events):
Event: 0.029 loading class java/lang/Short
Event: 0.029 loading class java/lang/Short done
Event: 0.029 loading class java/lang/Integer
Event: 0.029 loading class java/lang/Integer done
Event: 0.029 loading class java/lang/Long
Event: 0.029 loading class java/lang/Long done
Event: 0.029 loading class java/lang/NullPointerException
Event: 0.030 loading class java/lang/NullPointerException done
Event: 0.030 loading class java/lang/ArithmeticException
Event: 0.030 loading class java/lang/ArithmeticException done


Dynamic libraries:
0x000000013f950000 - 0x000000013f987000 	C:\Program Files\Java\jdk1.8.0_101\bin\java.exe
0x0000000077080000 - 0x000000007722a000 	C:\Windows\SYSTEM32\ntdll.dll
0x0000000076f60000 - 0x000000007707f000 	C:\Windows\system32\kernel32.dll
0x000007fefcfa0000 - 0x000007fefd00a000 	C:\Windows\system32\KERNELBASE.dll
0x000007fefede0000 - 0x000007fefeebb000 	C:\Windows\system32\ADVAPI32.dll
0x000007feff2e0000 - 0x000007feff37f000 	C:\Windows\system32\msvcrt.dll
0x000007fefedc0000 - 0x000007fefeddf000 	C:\Windows\SYSTEM32\sechost.dll
0x000007fefdb80000 - 0x000007fefdcad000 	C:\Windows\system32\RPCRT4.dll
0x0000000076e60000 - 0x0000000076f5a000 	C:\Windows\system32\USER32.dll
0x000007fefeac0000 - 0x000007fefeb27000 	C:\Windows\system32\GDI32.dll
0x000007feff380000 - 0x000007feff38e000 	C:\Windows\system32\LPK.dll
0x000007fefef40000 - 0x000007feff00b000 	C:\Windows\system32\USP10.dll
0x000007fefbe50000 - 0x000007fefc044000 	C:\Windows\WinSxS\amd64_microsoft.windows.common-controls_6595b64144ccf1df_6.0.7601.18837_none_fa3b1e3d17594757\COMCTL32.dll
0x000007fefdcb0000 - 0x000007fefdd21000 	C:\Windows\system32\SHLWAPI.dll
0x000007fefd5a0000 - 0x000007fefd5ce000 	C:\Windows\system32\IMM32.DLL
0x000007fefd330000 - 0x000007fefd439000 	C:\Windows\system32\MSCTF.dll
0x000007fefcca0000 - 0x000007fefcce0000 	C:\Windows\system32\nvinitx.dll
0x000000000f000000 - 0x000000000f006000 	C:\Program Files\NVIDIA Corporation\CoProcManager\_etoured.dll
0x000007fef9780000 - 0x000007fef97d6000 	C:\Program Files\NVIDIA Corporation\CoProcManager\nvd3d9wrapx.dll
0x000007fefd5d0000 - 0x000007fefd7a7000 	C:\Windows\system32\SETUPAPI.dll
0x000007fefcf10000 - 0x000007fefcf46000 	C:\Windows\system32\CFGMGR32.dll
0x000007fefd4c0000 - 0x000007fefd59a000 	C:\Windows\system32\OLEAUT32.dll
0x000007fefd130000 - 0x000007fefd32c000 	C:\Windows\system32\ole32.dll
0x000007fefcf50000 - 0x000007fefcf6a000 	C:\Windows\system32\DEVOBJ.dll
0x000007fef9690000 - 0x000007fef96cd000 	C:\Program Files\NVIDIA Corporation\CoProcManager\nvdxgiwrapx.dll
0x0000000078e60000 - 0x0000000078f32000 	C:\Program Files\Java\jdk1.8.0_101\jre\bin\msvcr100.dll
0x0000000002300000 - 0x0000000002b9a000 	C:\Program Files\Java\jdk1.8.0_101\jre\bin\server\jvm.dll
0x000007fef5d20000 - 0x000007fef5d29000 	C:\Windows\system32\WSOCK32.dll
0x000007fefd460000 - 0x000007fefd4ad000 	C:\Windows\system32\WS2_32.dll
0x000007fefd4b0000 - 0x000007fefd4b8000 	C:\Windows\system32\NSI.dll
0x000007fefa470000 - 0x000007fefa4ab000 	C:\Windows\system32\WINMM.dll
0x000007fefbbc0000 - 0x000007fefbbcc000 	C:\Windows\system32\VERSION.dll
0x0000000077240000 - 0x0000000077247000 	C:\Windows\system32\PSAPI.DLL
0x0000000070400000 - 0x000000007040f000 	C:\Program Files\Java\jdk1.8.0_101\jre\bin\verify.dll
0x00000000703d0000 - 0x00000000703f9000 	C:\Program Files\Java\jdk1.8.0_101\jre\bin\java.dll
0x000000006ddb0000 - 0x000000006ddc6000 	C:\Program Files\Java\jdk1.8.0_101\jre\bin\zip.dll

VM Arguments:
jvm_args: -Dfile.encoding=UTF-8 
java_command: main
java_class_path (initial): C:\Program Files\NetBeans 8.1\ide\modules\ext\mysql-connector-java-5.1.23-bin.jar;C:\Users\Nermin\Documents\NetBeansProjects\Hibernate Assigment 1\build\classes
Launcher Type: SUN_STANDARD

Environment Variables:
PATH=C:\ProgramData\Oracle\Java\javapath;C:\Program Files (x86)\Common Files\Siemens\Sqlany;C:\Program Files (x86)\Siemens\Step7\S7bin;C:\Program Files\Common Files\Siemens\Automation\Simatic OAM\bin;C:\Program Files\Common Files\Microsoft Shared\Windows Live;C:\Program Files (x86)\Common Files\Microsoft Shared\Windows Live;C:\Windows\system32;C:\Windows;C:\Windows\System32\Wbem;C:\Windows\System32\WindowsPowerShell\v1.0\;C:\Program Files\Microsoft\Web Platform Installer\;C:\Program Files (x86)\Microsoft ASP.NET\ASP.NET Web Pages\v1.0\;C:\Program Files\Microsoft SQL Server\110\Tools\Binn\;C:\Program Files\OpenVPN\bin;C:\Program Files (x86)\Windows Live\Shared;C:\Program Files\Common Files\Autodesk Shared\;C:\Program Files (x86)\Autodesk\Backburner\;C:\Program Files (x86)\Skype\Phone\;C:\Program Files (x86)\PKWARE\pkzipc;C:\Program Files\Java\jdk1.8.0_101\bin;C:\Program Files\MySQL\MySQL Utilities 1.6\;C:\Program Files\Git\cmd;C:\Program Files (x86)\OpenVPN\bin
USERNAME=Nermin
OS=Windows_NT
PROCESSOR_IDENTIFIER=Intel64 Family 6 Model 42 Stepping 7, GenuineIntel



---------------  S Y S T E M  ---------------

OS: Windows 7 , 64 bit Build 7601 (6.1.7601.23864)

CPU:total 8 (4 cores per cpu, 2 threads per core) family 6 model 42 stepping 7, cmov, cx8, fxsr, mmx, sse, sse2, sse3, ssse3, sse4.1, sse4.2, popcnt, avx, aes, clmul, ht, tsc, tscinvbit

Memory: 4k page, physical 8158448k(1306392k free), swap 8680876k(5624k free)

vm_info: Java HotSpot(TM) 64-Bit Server VM (25.101-b13) for windows-amd64 JRE (1.8.0_101-b13), built on Jun 22 2016 01:21:29 by "java_re" with MS VC++ 10.0 (VS2010)

time: Wed Aug 30 14:18:17 2017
elapsed time: 0 seconds (0d 0h 0m 0s)

